{"/home/maxjeon97/rithm/exercises/express-biztime/app.js": {"path":"/home/maxjeon97/rithm/exercises/express-biztime/app.js","statementMap":{"0":{"start":{"line":5,"column":16},"end":{"line":5,"column":34}},"1":{"start":{"line":6,"column":26},"end":{"line":6,"column":51}},"2":{"start":{"line":8,"column":12},"end":{"line":8,"column":21}},"3":{"start":{"line":10,"column":0},"end":{"line":10,"column":24}},"4":{"start":{"line":12,"column":24},"end":{"line":12,"column":53}},"5":{"start":{"line":13,"column":24},"end":{"line":13,"column":52}},"6":{"start":{"line":15,"column":0},"end":{"line":15,"column":39}},"7":{"start":{"line":16,"column":0},"end":{"line":16,"column":37}},"8":{"start":{"line":20,"column":0},"end":{"line":22,"column":3}},"9":{"start":{"line":21,"column":2},"end":{"line":21,"column":28}},"10":{"start":{"line":25,"column":0},"end":{"line":30,"column":3}},"11":{"start":{"line":26,"column":17},"end":{"line":26,"column":34}},"12":{"start":{"line":27,"column":18},"end":{"line":27,"column":29}},"13":{"start":{"line":28,"column":2},"end":{"line":28,"column":72}},"14":{"start":{"line":28,"column":39},"end":{"line":28,"column":72}},"15":{"start":{"line":29,"column":2},"end":{"line":29,"column":65}},"16":{"start":{"line":34,"column":0},"end":{"line":34,"column":21}}},"fnMap":{"0":{"name":"(anonymous_0)","decl":{"start":{"line":20,"column":8},"end":{"line":20,"column":9}},"loc":{"start":{"line":20,"column":34},"end":{"line":22,"column":1}},"line":20},"1":{"name":"(anonymous_1)","decl":{"start":{"line":25,"column":8},"end":{"line":25,"column":9}},"loc":{"start":{"line":25,"column":39},"end":{"line":30,"column":1}},"line":25}},"branchMap":{"0":{"loc":{"start":{"line":26,"column":17},"end":{"line":26,"column":34}},"type":"binary-expr","locations":[{"start":{"line":26,"column":17},"end":{"line":26,"column":27}},{"start":{"line":26,"column":31},"end":{"line":26,"column":34}}],"line":26},"1":{"loc":{"start":{"line":28,"column":2},"end":{"line":28,"column":72}},"type":"if","locations":[{"start":{"line":28,"column":2},"end":{"line":28,"column":72}},{"start":{},"end":{}}],"line":28}},"s":{"0":1,"1":1,"2":1,"3":1,"4":1,"5":1,"6":1,"7":1,"8":1,"9":0,"10":1,"11":5,"12":5,"13":5,"14":0,"15":5,"16":1},"f":{"0":0,"1":5},"b":{"0":[5,0],"1":[0,5]},"_coverageSchema":"1a1c01bbd47fc00a2c39e90264f33305004495a9","hash":"09703aa9dc8e44d0c749b5ae3d0e1574e87d19d8"}
,"/home/maxjeon97/rithm/exercises/express-biztime/db.js": {"path":"/home/maxjeon97/rithm/exercises/express-biztime/db.js","statementMap":{"0":{"start":{"line":5,"column":19},"end":{"line":5,"column":32}},"1":{"start":{"line":7,"column":15},"end":{"line":9,"column":29}},"2":{"start":{"line":11,"column":9},"end":{"line":13,"column":2}},"3":{"start":{"line":15,"column":0},"end":{"line":15,"column":13}},"4":{"start":{"line":17,"column":0},"end":{"line":17,"column":20}}},"fnMap":{},"branchMap":{"0":{"loc":{"start":{"line":7,"column":15},"end":{"line":9,"column":29}},"type":"cond-expr","locations":[{"start":{"line":8,"column":6},"end":{"line":8,"column":34}},{"start":{"line":9,"column":6},"end":{"line":9,"column":29}}],"line":7}},"s":{"0":1,"1":1,"2":1,"3":1,"4":1},"f":{},"b":{"0":[1,0]},"_coverageSchema":"1a1c01bbd47fc00a2c39e90264f33305004495a9","hash":"d6e182879d0316cf1bfac37a9cbee251080071c4"}
,"/home/maxjeon97/rithm/exercises/express-biztime/expressError.js": {"path":"/home/maxjeon97/rithm/exercises/express-biztime/expressError.js","statementMap":{"0":{"start":{"line":11,"column":4},"end":{"line":11,"column":12}},"1":{"start":{"line":12,"column":4},"end":{"line":12,"column":27}},"2":{"start":{"line":13,"column":4},"end":{"line":13,"column":25}},"3":{"start":{"line":21,"column":4},"end":{"line":21,"column":24}},"4":{"start":{"line":29,"column":4},"end":{"line":29,"column":24}},"5":{"start":{"line":37,"column":4},"end":{"line":37,"column":24}},"6":{"start":{"line":45,"column":4},"end":{"line":45,"column":24}},"7":{"start":{"line":49,"column":0},"end":{"line":55,"column":2}}},"fnMap":{"0":{"name":"(anonymous_0)","decl":{"start":{"line":10,"column":2},"end":{"line":10,"column":3}},"loc":{"start":{"line":10,"column":31},"end":{"line":14,"column":3}},"line":10},"1":{"name":"(anonymous_1)","decl":{"start":{"line":20,"column":2},"end":{"line":20,"column":3}},"loc":{"start":{"line":20,"column":37},"end":{"line":22,"column":3}},"line":20},"2":{"name":"(anonymous_2)","decl":{"start":{"line":28,"column":2},"end":{"line":28,"column":3}},"loc":{"start":{"line":28,"column":40},"end":{"line":30,"column":3}},"line":28},"3":{"name":"(anonymous_3)","decl":{"start":{"line":36,"column":2},"end":{"line":36,"column":3}},"loc":{"start":{"line":36,"column":39},"end":{"line":38,"column":3}},"line":36},"4":{"name":"(anonymous_4)","decl":{"start":{"line":44,"column":2},"end":{"line":44,"column":3}},"loc":{"start":{"line":44,"column":37},"end":{"line":46,"column":3}},"line":44}},"branchMap":{"0":{"loc":{"start":{"line":20,"column":14},"end":{"line":20,"column":35}},"type":"default-arg","locations":[{"start":{"line":20,"column":24},"end":{"line":20,"column":35}}],"line":20},"1":{"loc":{"start":{"line":28,"column":14},"end":{"line":28,"column":38}},"type":"default-arg","locations":[{"start":{"line":28,"column":24},"end":{"line":28,"column":38}}],"line":28},"2":{"loc":{"start":{"line":36,"column":14},"end":{"line":36,"column":37}},"type":"default-arg","locations":[{"start":{"line":36,"column":24},"end":{"line":36,"column":37}}],"line":36},"3":{"loc":{"start":{"line":44,"column":14},"end":{"line":44,"column":35}},"type":"default-arg","locations":[{"start":{"line":44,"column":24},"end":{"line":44,"column":35}}],"line":44}},"s":{"0":5,"1":5,"2":5,"3":3,"4":0,"5":2,"6":0,"7":1},"f":{"0":5,"1":3,"2":0,"3":2,"4":0},"b":{"0":[0],"1":[0],"2":[0],"3":[0]},"_coverageSchema":"1a1c01bbd47fc00a2c39e90264f33305004495a9","hash":"9807f8adfc040781f434d549046ec017ae0360f6"}
,"/home/maxjeon97/rithm/exercises/express-biztime/routes/companies.js": {"path":"/home/maxjeon97/rithm/exercises/express-biztime/routes/companies.js","statementMap":{"0":{"start":{"line":3,"column":16},"end":{"line":3,"column":34}},"1":{"start":{"line":4,"column":11},"end":{"line":4,"column":27}},"2":{"start":{"line":6,"column":43},"end":{"line":6,"column":69}},"3":{"start":{"line":8,"column":15},"end":{"line":8,"column":35}},"4":{"start":{"line":15,"column":0},"end":{"line":22,"column":3}},"5":{"start":{"line":16,"column":17},"end":{"line":19,"column":3}},"6":{"start":{"line":21,"column":2},"end":{"line":21,"column":46}},"7":{"start":{"line":30,"column":0},"end":{"line":53,"column":3}},"8":{"start":{"line":31,"column":15},"end":{"line":31,"column":30}},"9":{"start":{"line":33,"column":18},"end":{"line":37,"column":3}},"10":{"start":{"line":39,"column":18},"end":{"line":39,"column":33}},"11":{"start":{"line":41,"column":2},"end":{"line":43,"column":3}},"12":{"start":{"line":42,"column":4},"end":{"line":42,"column":59}},"13":{"start":{"line":45,"column":18},"end":{"line":49,"column":32}},"14":{"start":{"line":50,"column":2},"end":{"line":50,"column":49}},"15":{"start":{"line":50,"column":43},"end":{"line":50,"column":47}},"16":{"start":{"line":52,"column":2},"end":{"line":52,"column":40}},"17":{"start":{"line":61,"column":0},"end":{"line":79,"column":3}},"18":{"start":{"line":62,"column":2},"end":{"line":67,"column":3}},"19":{"start":{"line":66,"column":4},"end":{"line":66,"column":78}},"20":{"start":{"line":69,"column":38},"end":{"line":69,"column":46}},"21":{"start":{"line":70,"column":17},"end":{"line":75,"column":3}},"22":{"start":{"line":77,"column":18},"end":{"line":77,"column":32}},"23":{"start":{"line":78,"column":2},"end":{"line":78,"column":52}},"24":{"start":{"line":87,"column":0},"end":{"line":107,"column":3}},"25":{"start":{"line":88,"column":2},"end":{"line":93,"column":3}},"26":{"start":{"line":92,"column":4},"end":{"line":92,"column":45}},"27":{"start":{"line":95,"column":15},"end":{"line":95,"column":30}},"28":{"start":{"line":96,"column":32},"end":{"line":96,"column":40}},"29":{"start":{"line":97,"column":18},"end":{"line":102,"column":30}},"30":{"start":{"line":103,"column":18},"end":{"line":103,"column":33}},"31":{"start":{"line":105,"column":2},"end":{"line":105,"column":71}},"32":{"start":{"line":105,"column":16},"end":{"line":105,"column":71}},"33":{"start":{"line":106,"column":2},"end":{"line":106,"column":40}},"34":{"start":{"line":114,"column":0},"end":{"line":122,"column":3}},"35":{"start":{"line":115,"column":15},"end":{"line":115,"column":30}},"36":{"start":{"line":116,"column":18},"end":{"line":117,"column":67}},"37":{"start":{"line":118,"column":18},"end":{"line":118,"column":33}},"38":{"start":{"line":120,"column":2},"end":{"line":120,"column":71}},"39":{"start":{"line":120,"column":16},"end":{"line":120,"column":71}},"40":{"start":{"line":121,"column":2},"end":{"line":121,"column":41}},"41":{"start":{"line":125,"column":0},"end":{"line":125,"column":24}}},"fnMap":{"0":{"name":"(anonymous_0)","decl":{"start":{"line":15,"column":15},"end":{"line":15,"column":16}},"loc":{"start":{"line":15,"column":47},"end":{"line":22,"column":1}},"line":15},"1":{"name":"(anonymous_1)","decl":{"start":{"line":30,"column":21},"end":{"line":30,"column":22}},"loc":{"start":{"line":30,"column":53},"end":{"line":53,"column":1}},"line":30},"2":{"name":"(anonymous_2)","decl":{"start":{"line":50,"column":38},"end":{"line":50,"column":39}},"loc":{"start":{"line":50,"column":43},"end":{"line":50,"column":47}},"line":50},"3":{"name":"(anonymous_3)","decl":{"start":{"line":61,"column":16},"end":{"line":61,"column":17}},"loc":{"start":{"line":61,"column":48},"end":{"line":79,"column":1}},"line":61},"4":{"name":"(anonymous_4)","decl":{"start":{"line":87,"column":21},"end":{"line":87,"column":22}},"loc":{"start":{"line":87,"column":53},"end":{"line":107,"column":1}},"line":87},"5":{"name":"(anonymous_5)","decl":{"start":{"line":114,"column":24},"end":{"line":114,"column":25}},"loc":{"start":{"line":114,"column":56},"end":{"line":122,"column":1}},"line":114}},"branchMap":{"0":{"loc":{"start":{"line":41,"column":2},"end":{"line":43,"column":3}},"type":"if","locations":[{"start":{"line":41,"column":2},"end":{"line":43,"column":3}},{"start":{},"end":{}}],"line":41},"1":{"loc":{"start":{"line":62,"column":2},"end":{"line":67,"column":3}},"type":"if","locations":[{"start":{"line":62,"column":2},"end":{"line":67,"column":3}},{"start":{},"end":{}}],"line":62},"2":{"loc":{"start":{"line":62,"column":6},"end":{"line":65,"column":32}},"type":"binary-expr","locations":[{"start":{"line":62,"column":6},"end":{"line":62,"column":15}},{"start":{"line":63,"column":4},"end":{"line":63,"column":25}},{"start":{"line":64,"column":4},"end":{"line":64,"column":25}},{"start":{"line":65,"column":4},"end":{"line":65,"column":32}}],"line":62},"3":{"loc":{"start":{"line":88,"column":2},"end":{"line":93,"column":3}},"type":"if","locations":[{"start":{"line":88,"column":2},"end":{"line":93,"column":3}},{"start":{},"end":{}}],"line":88},"4":{"loc":{"start":{"line":88,"column":6},"end":{"line":91,"column":32}},"type":"binary-expr","locations":[{"start":{"line":88,"column":6},"end":{"line":88,"column":28}},{"start":{"line":89,"column":4},"end":{"line":89,"column":22}},{"start":{"line":90,"column":4},"end":{"line":90,"column":25}},{"start":{"line":91,"column":4},"end":{"line":91,"column":32}}],"line":88},"5":{"loc":{"start":{"line":105,"column":2},"end":{"line":105,"column":71}},"type":"if","locations":[{"start":{"line":105,"column":2},"end":{"line":105,"column":71}},{"start":{},"end":{}}],"line":105},"6":{"loc":{"start":{"line":120,"column":2},"end":{"line":120,"column":71}},"type":"if","locations":[{"start":{"line":120,"column":2},"end":{"line":120,"column":71}},{"start":{},"end":{}}],"line":120}},"s":{"0":1,"1":1,"2":1,"3":1,"4":1,"5":1,"6":1,"7":1,"8":2,"9":2,"10":2,"11":2,"12":1,"13":1,"14":1,"15":1,"16":1,"17":1,"18":2,"19":1,"20":1,"21":1,"22":1,"23":1,"24":1,"25":3,"26":1,"27":2,"28":2,"29":2,"30":2,"31":2,"32":1,"33":1,"34":1,"35":2,"36":2,"37":2,"38":2,"39":1,"40":1,"41":1},"f":{"0":1,"1":2,"2":1,"3":2,"4":3,"5":2},"b":{"0":[1,1],"1":[1,1],"2":[2,1,1,1],"3":[1,2],"4":[3,2,2,2],"5":[1,1],"6":[1,1]},"_coverageSchema":"1a1c01bbd47fc00a2c39e90264f33305004495a9","hash":"5789581281c4615cbf1944ceb862649e653059b5"}
,"/home/maxjeon97/rithm/exercises/express-biztime/routes/invoices.js": {"path":"/home/maxjeon97/rithm/exercises/express-biztime/routes/invoices.js","statementMap":{"0":{"start":{"line":3,"column":16},"end":{"line":3,"column":34}},"1":{"start":{"line":4,"column":11},"end":{"line":4,"column":27}},"2":{"start":{"line":6,"column":43},"end":{"line":6,"column":69}},"3":{"start":{"line":8,"column":15},"end":{"line":8,"column":35}},"4":{"start":{"line":15,"column":0},"end":{"line":23,"column":3}},"5":{"start":{"line":16,"column":17},"end":{"line":20,"column":3}},"6":{"start":{"line":22,"column":2},"end":{"line":22,"column":45}},"7":{"start":{"line":35,"column":0},"end":{"line":67,"column":3}},"8":{"start":{"line":36,"column":13},"end":{"line":36,"column":34}},"9":{"start":{"line":38,"column":19},"end":{"line":43,"column":3}},"10":{"start":{"line":45,"column":15},"end":{"line":45,"column":31}},"11":{"start":{"line":47,"column":2},"end":{"line":49,"column":3}},"12":{"start":{"line":48,"column":4},"end":{"line":48,"column":59}},"13":{"start":{"line":51,"column":18},"end":{"line":64,"column":3}},"14":{"start":{"line":66,"column":2},"end":{"line":66,"column":27}},"15":{"start":{"line":76,"column":0},"end":{"line":93,"column":3}},"16":{"start":{"line":77,"column":2},"end":{"line":81,"column":3}},"17":{"start":{"line":80,"column":4},"end":{"line":80,"column":69}},"18":{"start":{"line":83,"column":29},"end":{"line":83,"column":37}},"19":{"start":{"line":84,"column":17},"end":{"line":89,"column":3}},"20":{"start":{"line":91,"column":18},"end":{"line":91,"column":32}},"21":{"start":{"line":92,"column":2},"end":{"line":92,"column":52}},"22":{"start":{"line":101,"column":0},"end":{"line":132,"column":3}},"23":{"start":{"line":102,"column":2},"end":{"line":107,"column":3}},"24":{"start":{"line":106,"column":4},"end":{"line":106,"column":45}},"25":{"start":{"line":109,"column":13},"end":{"line":109,"column":26}},"26":{"start":{"line":110,"column":24},"end":{"line":110,"column":32}},"27":{"start":{"line":112,"column":25},"end":{"line":116,"column":3}},"28":{"start":{"line":118,"column":2},"end":{"line":118,"column":78}},"29":{"start":{"line":118,"column":23},"end":{"line":118,"column":78}},"30":{"start":{"line":120,"column":19},"end":{"line":120,"column":57}},"31":{"start":{"line":122,"column":18},"end":{"line":127,"column":30}},"32":{"start":{"line":129,"column":18},"end":{"line":129,"column":33}},"33":{"start":{"line":131,"column":2},"end":{"line":131,"column":40}},"34":{"start":{"line":139,"column":2},"end":{"line":147,"column":3}},"35":{"start":{"line":140,"column":4},"end":{"line":140,"column":22}},"36":{"start":{"line":142,"column":7},"end":{"line":147,"column":3}},"37":{"start":{"line":143,"column":4},"end":{"line":143,"column":16}},"38":{"start":{"line":146,"column":4},"end":{"line":146,"column":29}},"39":{"start":{"line":155,"column":0},"end":{"line":163,"column":3}},"40":{"start":{"line":156,"column":13},"end":{"line":156,"column":26}},"41":{"start":{"line":157,"column":18},"end":{"line":158,"column":60}},"42":{"start":{"line":159,"column":18},"end":{"line":159,"column":33}},"43":{"start":{"line":161,"column":2},"end":{"line":161,"column":71}},"44":{"start":{"line":161,"column":16},"end":{"line":161,"column":71}},"45":{"start":{"line":162,"column":2},"end":{"line":162,"column":41}},"46":{"start":{"line":166,"column":0},"end":{"line":166,"column":24}}},"fnMap":{"0":{"name":"(anonymous_0)","decl":{"start":{"line":15,"column":15},"end":{"line":15,"column":16}},"loc":{"start":{"line":15,"column":47},"end":{"line":23,"column":1}},"line":15},"1":{"name":"(anonymous_1)","decl":{"start":{"line":35,"column":19},"end":{"line":35,"column":20}},"loc":{"start":{"line":35,"column":51},"end":{"line":67,"column":1}},"line":35},"2":{"name":"(anonymous_2)","decl":{"start":{"line":76,"column":16},"end":{"line":76,"column":17}},"loc":{"start":{"line":76,"column":48},"end":{"line":93,"column":1}},"line":76},"3":{"name":"(anonymous_3)","decl":{"start":{"line":101,"column":19},"end":{"line":101,"column":20}},"loc":{"start":{"line":101,"column":51},"end":{"line":132,"column":1}},"line":101},"4":{"name":"generatePaidDate","decl":{"start":{"line":138,"column":9},"end":{"line":138,"column":25}},"loc":{"start":{"line":138,"column":41},"end":{"line":148,"column":1}},"line":138},"5":{"name":"(anonymous_5)","decl":{"start":{"line":155,"column":22},"end":{"line":155,"column":23}},"loc":{"start":{"line":155,"column":54},"end":{"line":163,"column":1}},"line":155}},"branchMap":{"0":{"loc":{"start":{"line":47,"column":2},"end":{"line":49,"column":3}},"type":"if","locations":[{"start":{"line":47,"column":2},"end":{"line":49,"column":3}},{"start":{},"end":{}}],"line":47},"1":{"loc":{"start":{"line":77,"column":2},"end":{"line":81,"column":3}},"type":"if","locations":[{"start":{"line":77,"column":2},"end":{"line":81,"column":3}},{"start":{},"end":{}}],"line":77},"2":{"loc":{"start":{"line":77,"column":6},"end":{"line":79,"column":24}},"type":"binary-expr","locations":[{"start":{"line":77,"column":6},"end":{"line":77,"column":15}},{"start":{"line":78,"column":4},"end":{"line":78,"column":30}},{"start":{"line":79,"column":4},"end":{"line":79,"column":24}}],"line":77},"3":{"loc":{"start":{"line":102,"column":2},"end":{"line":107,"column":3}},"type":"if","locations":[{"start":{"line":102,"column":2},"end":{"line":107,"column":3}},{"start":{},"end":{}}],"line":102},"4":{"loc":{"start":{"line":102,"column":6},"end":{"line":105,"column":25}},"type":"binary-expr","locations":[{"start":{"line":102,"column":6},"end":{"line":102,"column":28}},{"start":{"line":103,"column":4},"end":{"line":103,"column":20}},{"start":{"line":104,"column":4},"end":{"line":104,"column":24}},{"start":{"line":105,"column":4},"end":{"line":105,"column":25}}],"line":102},"5":{"loc":{"start":{"line":118,"column":2},"end":{"line":118,"column":78}},"type":"if","locations":[{"start":{"line":118,"column":2},"end":{"line":118,"column":78}},{"start":{},"end":{}}],"line":118},"6":{"loc":{"start":{"line":139,"column":2},"end":{"line":147,"column":3}},"type":"if","locations":[{"start":{"line":139,"column":2},"end":{"line":147,"column":3}},{"start":{"line":142,"column":7},"end":{"line":147,"column":3}}],"line":139},"7":{"loc":{"start":{"line":139,"column":5},"end":{"line":139,"column":33}},"type":"binary-expr","locations":[{"start":{"line":139,"column":5},"end":{"line":139,"column":25}},{"start":{"line":139,"column":29},"end":{"line":139,"column":33}}],"line":139},"8":{"loc":{"start":{"line":142,"column":7},"end":{"line":147,"column":3}},"type":"if","locations":[{"start":{"line":142,"column":7},"end":{"line":147,"column":3}},{"start":{"line":145,"column":7},"end":{"line":147,"column":3}}],"line":142},"9":{"loc":{"start":{"line":142,"column":10},"end":{"line":142,"column":31}},"type":"binary-expr","locations":[{"start":{"line":142,"column":10},"end":{"line":142,"column":22}},{"start":{"line":142,"column":26},"end":{"line":142,"column":31}}],"line":142},"10":{"loc":{"start":{"line":161,"column":2},"end":{"line":161,"column":71}},"type":"if","locations":[{"start":{"line":161,"column":2},"end":{"line":161,"column":71}},{"start":{},"end":{}}],"line":161}},"s":{"0":1,"1":1,"2":1,"3":1,"4":1,"5":0,"6":0,"7":1,"8":0,"9":0,"10":0,"11":0,"12":0,"13":0,"14":0,"15":1,"16":0,"17":0,"18":0,"19":0,"20":0,"21":0,"22":1,"23":0,"24":0,"25":0,"26":0,"27":0,"28":0,"29":0,"30":0,"31":0,"32":0,"33":0,"34":0,"35":0,"36":0,"37":0,"38":0,"39":1,"40":0,"41":0,"42":0,"43":0,"44":0,"45":0,"46":1},"f":{"0":0,"1":0,"2":0,"3":0,"4":0,"5":0},"b":{"0":[0,0],"1":[0,0],"2":[0,0,0],"3":[0,0],"4":[0,0,0,0],"5":[0,0],"6":[0,0],"7":[0,0],"8":[0,0],"9":[0,0],"10":[0,0]},"_coverageSchema":"1a1c01bbd47fc00a2c39e90264f33305004495a9","hash":"d0f97745ec3697d5982c5b4819b99ff74ba4a84a"}
}
