TN:
SF:app.js
FN:20,(anonymous_0)
FN:25,(anonymous_1)
FNF:2
FNH:1
FNDA:0,(anonymous_0)
FNDA:5,(anonymous_1)
DA:5,1
DA:6,1
DA:8,1
DA:10,1
DA:12,1
DA:13,1
DA:15,1
DA:16,1
DA:20,1
DA:21,0
DA:25,1
DA:26,5
DA:27,5
DA:28,5
DA:29,5
DA:34,1
LF:16
LH:15
BRDA:26,0,0,5
BRDA:26,0,1,0
BRDA:28,1,0,0
BRDA:28,1,1,5
BRF:4
BRH:2
end_of_record
TN:
SF:db.js
FNF:0
FNH:0
DA:5,1
DA:7,1
DA:11,1
DA:15,1
DA:17,1
LF:5
LH:5
BRDA:7,0,0,1
BRDA:7,0,1,0
BRF:2
BRH:1
end_of_record
TN:
SF:expressError.js
FN:10,(anonymous_0)
FN:20,(anonymous_1)
FN:28,(anonymous_2)
FN:36,(anonymous_3)
FN:44,(anonymous_4)
FNF:5
FNH:3
FNDA:5,(anonymous_0)
FNDA:3,(anonymous_1)
FNDA:0,(anonymous_2)
FNDA:2,(anonymous_3)
FNDA:0,(anonymous_4)
DA:11,5
DA:12,5
DA:13,5
DA:21,3
DA:29,0
DA:37,2
DA:45,0
DA:49,1
LF:8
LH:6
BRDA:20,0,0,0
BRDA:28,1,0,0
BRDA:36,2,0,0
BRDA:44,3,0,0
BRF:4
BRH:0
end_of_record
TN:
SF:routes/companies.js
FN:15,(anonymous_0)
FN:30,(anonymous_1)
FN:50,(anonymous_2)
FN:61,(anonymous_3)
FN:87,(anonymous_4)
FN:114,(anonymous_5)
FNF:6
FNH:6
FNDA:1,(anonymous_0)
FNDA:2,(anonymous_1)
FNDA:1,(anonymous_2)
FNDA:2,(anonymous_3)
FNDA:3,(anonymous_4)
FNDA:2,(anonymous_5)
DA:3,1
DA:4,1
DA:6,1
DA:8,1
DA:15,1
DA:16,1
DA:21,1
DA:30,1
DA:31,2
DA:33,2
DA:39,2
DA:41,2
DA:42,1
DA:45,1
DA:50,1
DA:52,1
DA:61,1
DA:62,2
DA:66,1
DA:69,1
DA:70,1
DA:77,1
DA:78,1
DA:87,1
DA:88,3
DA:92,1
DA:95,2
DA:96,2
DA:97,2
DA:103,2
DA:105,2
DA:106,1
DA:114,1
DA:115,2
DA:116,2
DA:118,2
DA:120,2
DA:121,1
DA:125,1
LF:39
LH:39
BRDA:41,0,0,1
BRDA:41,0,1,1
BRDA:62,1,0,1
BRDA:62,1,1,1
BRDA:62,2,0,2
BRDA:62,2,1,1
BRDA:62,2,2,1
BRDA:62,2,3,1
BRDA:88,3,0,1
BRDA:88,3,1,2
BRDA:88,4,0,3
BRDA:88,4,1,2
BRDA:88,4,2,2
BRDA:88,4,3,2
BRDA:105,5,0,1
BRDA:105,5,1,1
BRDA:120,6,0,1
BRDA:120,6,1,1
BRF:18
BRH:18
end_of_record
TN:
SF:routes/invoices.js
FN:15,(anonymous_0)
FN:35,(anonymous_1)
FN:76,(anonymous_2)
FN:101,(anonymous_3)
FN:138,generatePaidDate
FN:155,(anonymous_5)
FNF:6
FNH:0
FNDA:0,(anonymous_0)
FNDA:0,(anonymous_1)
FNDA:0,(anonymous_2)
FNDA:0,(anonymous_3)
FNDA:0,generatePaidDate
FNDA:0,(anonymous_5)
DA:3,1
DA:4,1
DA:6,1
DA:8,1
DA:15,1
DA:16,0
DA:22,0
DA:35,1
DA:36,0
DA:38,0
DA:45,0
DA:47,0
DA:48,0
DA:51,0
DA:66,0
DA:76,1
DA:77,0
DA:80,0
DA:83,0
DA:84,0
DA:91,0
DA:92,0
DA:101,1
DA:102,0
DA:106,0
DA:109,0
DA:110,0
DA:112,0
DA:118,0
DA:120,0
DA:122,0
DA:129,0
DA:131,0
DA:139,0
DA:140,0
DA:142,0
DA:143,0
DA:146,0
DA:155,1
DA:156,0
DA:157,0
DA:159,0
DA:161,0
DA:162,0
DA:166,1
LF:45
LH:10
BRDA:47,0,0,0
BRDA:47,0,1,0
BRDA:77,1,0,0
BRDA:77,1,1,0
BRDA:77,2,0,0
BRDA:77,2,1,0
BRDA:77,2,2,0
BRDA:102,3,0,0
BRDA:102,3,1,0
BRDA:102,4,0,0
BRDA:102,4,1,0
BRDA:102,4,2,0
BRDA:102,4,3,0
BRDA:118,5,0,0
BRDA:118,5,1,0
BRDA:139,6,0,0
BRDA:139,6,1,0
BRDA:139,7,0,0
BRDA:139,7,1,0
BRDA:142,8,0,0
BRDA:142,8,1,0
BRDA:142,9,0,0
BRDA:142,9,1,0
BRDA:161,10,0,0
BRDA:161,10,1,0
BRF:25
BRH:0
end_of_record
